<?xml version="1.0" encoding="UTF-8"?>
<!-- Generated by org.testng.reporters.JUnitReportReporter -->
<testsuite hostname="EGCA1-0091" failures="0" tests="1" name="main.Start" time="31.333" errors="0" timestamp="2022-02-13T10:27:26 EET" skipped="0">
  <testcase classname="main.Start" name="startApplication" time="31.333"/>
  <system-out/>
</testsuite> <!-- main.Start -->
